	Command being timed: "xvfb-run -a timeout --signal=TERM --kill-after=5 1200 /root/autodl-tmp/Script/semantic-slam-yolov8/src/cpp/build/semantic_slam_benchmark tum /root/autodl-tmp/Script/semantic-slam-yolov8/data/datasets/TUM/rgbd_dataset_freiburg3_walking_xyz /root/autodl-tmp/Script/semantic-slam-yolov8/models/ORBvoc.txt /root/autodl-tmp/Script/semantic-slam-yolov8/src/cpp/config/TUM3_walking_xyz_semantic.yaml /root/autodl-tmp/Script/semantic-slam-yolov8/output"
	User time (seconds): 125.87
	System time (seconds): 24.80
	Percent of CPU this job got: 402%
	Elapsed (wall clock) time (h:mm:ss or m:ss): 0:37.42
	Average shared text size (kbytes): 0
	Average unshared data size (kbytes): 0
	Average stack size (kbytes): 0
	Average total size (kbytes): 0
	Maximum resident set size (kbytes): 895236
	Average resident set size (kbytes): 0
	Major (requiring I/O) page faults: 201885
	Minor (reclaiming a frame) page faults: 942227
	Voluntary context switches: 119074
	Involuntary context switches: 2346
	Swaps: 0
	File system inputs: 0
	File system outputs: 176
	Socket messages sent: 0
	Socket messages received: 0
	Signals delivered: 0
	Page size (bytes): 4096
	Exit status: 0
